Using pre-set license
Built from '2020.2/staging' branch; Version is '2020.2.6f1 (8a2143876886) revision 9052483'; Using compiler version '192528614'; Build Type 'Release'
OS: 'Windows 10 Home; OS build 19042.1110; Version 2009; 64bit' Language: 'fr' Physical Memory: 8067 MB
BatchMode: 1, IsHumanControllingUs: 0, StartBugReporterOnCrash: 0, Is64bit: 1, IsPro: 0

 COMMAND LINE ARGUMENTS:
C:\Program Files\Unity\2020.2.6f1\Editor\Unity.exe
-adb2
-batchMode
-noUpm
-name
AssetImportWorker0
-projectPath
C:/Users/Basile/Documents/GitHub/SpellerUnity
-logFile
Logs/AssetImportWorker0.log
-srvPort
59990
Successfully changed project path to: C:/Users/Basile/Documents/GitHub/SpellerUnity
C:/Users/Basile/Documents/GitHub/SpellerUnity
Using Asset Import Pipeline V2.
Refreshing native plugins compatible for Editor in 81.88 ms, found 0 plugins.
Preloading 0 native plugins for Editor in 0.00 ms.
Initialize engine version: 2020.2.6f1 (8a2143876886)
[Subsystems] Discovering subsystems at path C:/Program Files/Unity/2020.2.6f1/Editor/Data/Resources/UnitySubsystems
[Subsystems] Discovering subsystems at path C:/Users/Basile/Documents/GitHub/SpellerUnity/Assets
GfxDevice: creating device client; threaded=0
Direct3D:
    Version:  Direct3D 11.0 [level 11.0]
    Renderer: NVIDIA GeForce GTX 960M (ID=0x139b)
    Vendor:   
    VRAM:     2010 MB
    Driver:   27.21.14.6611
Initialize mono
Mono path[0] = 'C:/Program Files/Unity/2020.2.6f1/Editor/Data/Managed'
Mono path[1] = 'C:/Program Files/Unity/2020.2.6f1/Editor/Data/MonoBleedingEdge/lib/mono/unityjit'
Mono config path = 'C:/Program Files/Unity/2020.2.6f1/Editor/Data/MonoBleedingEdge/etc'
Using monoOptions --debugger-agent=transport=dt_socket,embedding=1,server=y,suspend=n,address=127.0.0.1:56944
Begin MonoManager ReloadAssembly
Registering precompiled unity dll's ...
Register platform support module: C:/Program Files/Unity/2020.2.6f1/Editor/Data/PlaybackEngines/WindowsStandaloneSupport/UnityEditor.WindowsStandalone.Extensions.dll
Registered in 0.008130 seconds.
Native extension for WindowsStandalone target not found
Refreshing native plugins compatible for Editor in 79.32 ms, found 0 plugins.
Preloading 0 native plugins for Editor in 0.00 ms.
Invoked RoslynAnalysisRunner static constructor.
RoslynAnalysisRunner will not be running.
RoslynAnalysisRunner has terminated.
Mono: successfully reloaded assembly
- Completed reload, in  9.443 seconds
Platform modules already initialized, skipping
Registering precompiled user dll's ...
Registered in 0.002385 seconds.
Begin MonoManager ReloadAssembly
Native extension for WindowsStandalone target not found
Refreshing native plugins compatible for Editor in 0.55 ms, found 0 plugins.
Preloading 0 native plugins for Editor in 0.00 ms.
Invoked RoslynAnalysisRunner static constructor.
RoslynAnalysisRunner will not be running.
RoslynAnalysisRunner has terminated.
Mono: successfully reloaded assembly
- Completed reload, in  2.018 seconds
Platform modules already initialized, skipping
========================================================================
Worker process is ready to serve import requests
Launched and connected shader compiler UnityShaderCompiler.exe after 0.17 seconds
Refreshing native plugins compatible for Editor in 0.58 ms, found 0 plugins.
Preloading 0 native plugins for Editor in 0.00 ms.
Unloading 1187 Unused Serialized files (Serialized files now loaded: 0)
System memory in use before: 60.4 MB.
System memory in use after: 60.4 MB.

Unloading 13 unused Assets to reduce memory usage. Loaded Objects now: 1633.
Total: 7.579600 ms (FindLiveObjects: 0.260500 ms CreateObjectMapping: 0.081000 ms MarkObjects: 6.720300 ms  DeleteObjects: 0.515900 ms)

========================================================================
Received Import Request.
  path: Assets/Prefabs/Fire.prefab
  artifactKey: Guid(49734ea0f5631e947bd22f725099bbcc) Importer(815301076,1909f56bfc062723c751e8b465ee728b)
Start importing Assets/Prefabs/Fire.prefab using Guid(49734ea0f5631e947bd22f725099bbcc) Importer(815301076,1909f56bfc062723c751e8b465ee728b)  -> (artifact id: '90dfd580b38ac5b6f97aeaa2f136c43e') in 0.449311 seconds
  Import took 0.461439 seconds .

========================================================================
Received Import Request.
  Time since last request: 1.715895 seconds.
  path: Assets/Prefabs/Fire.prefab
  artifactKey: Guid(49734ea0f5631e947bd22f725099bbcc) Importer(815301076,1909f56bfc062723c751e8b465ee728b)
Start importing Assets/Prefabs/Fire.prefab using Guid(49734ea0f5631e947bd22f725099bbcc) Importer(815301076,1909f56bfc062723c751e8b465ee728b)  -> (artifact id: '3429e5b910a81b62d6b83a8c6779823f') in 0.025321 seconds
  Import took 0.034666 seconds .

========================================================================
Received Import Request.
  Time since last request: 13.297581 seconds.
  path: Assets/Prefabs/Arrow.prefab
  artifactKey: Guid(ba50b3a3496fb464790cbe1ecaf09706) Importer(815301076,1909f56bfc062723c751e8b465ee728b)
Start importing Assets/Prefabs/Arrow.prefab using Guid(ba50b3a3496fb464790cbe1ecaf09706) Importer(815301076,1909f56bfc062723c751e8b465ee728b)  -> (artifact id: '5ab01dc3e86752c6accc10d6b017d12d') in 0.025399 seconds
  Import took 0.038755 seconds .

========================================================================
Received Import Request.
  Time since last request: 2.742126 seconds.
  path: Assets/Prefabs/Arrow.prefab
  artifactKey: Guid(ba50b3a3496fb464790cbe1ecaf09706) Importer(815301076,1909f56bfc062723c751e8b465ee728b)
Start importing Assets/Prefabs/Arrow.prefab using Guid(ba50b3a3496fb464790cbe1ecaf09706) Importer(815301076,1909f56bfc062723c751e8b465ee728b)  -> (artifact id: '256e9491691aa3fac5e46b5d5a041845') in 0.020482 seconds
  Import took 0.027884 seconds .

========================================================================
Received Import Request.
  Time since last request: 1.091352 seconds.
  path: Assets/Prefabs/Arrow.prefab
  artifactKey: Guid(ba50b3a3496fb464790cbe1ecaf09706) Importer(815301076,1909f56bfc062723c751e8b465ee728b)
Start importing Assets/Prefabs/Arrow.prefab using Guid(ba50b3a3496fb464790cbe1ecaf09706) Importer(815301076,1909f56bfc062723c751e8b465ee728b)  -> (artifact id: '9a0cffea112fe53d29df2aefc376c256') in 0.018504 seconds
  Import took 0.029525 seconds .

========================================================================
Received Prepare
Registering precompiled user dll's ...
Registered in 0.004758 seconds.
Begin MonoManager ReloadAssembly
Native extension for WindowsStandalone target not found
Refreshing native plugins compatible for Editor in 0.51 ms, found 0 plugins.
Preloading 0 native plugins for Editor in 0.00 ms.
Invoked RoslynAnalysisRunner static constructor.
RoslynAnalysisRunner will not be running.
RoslynAnalysisRunner has terminated.
Mono: successfully reloaded assembly
- Completed reload, in  2.070 seconds
Platform modules already initialized, skipping
Refreshing native plugins compatible for Editor in 0.93 ms, found 0 plugins.
Preloading 0 native plugins for Editor in 0.00 ms.
Unloading 1182 Unused Serialized files (Serialized files now loaded: 0)
System memory in use before: 63.5 MB.
System memory in use after: 63.6 MB.

Unloading 4 unused Assets to reduce memory usage. Loaded Objects now: 1642.
Total: 2.549200 ms (FindLiveObjects: 0.204500 ms CreateObjectMapping: 0.130200 ms MarkObjects: 2.184300 ms  DeleteObjects: 0.027600 ms)

========================================================================
Received Prepare
Registering precompiled user dll's ...
Registered in 0.002309 seconds.
Begin MonoManager ReloadAssembly
Native extension for WindowsStandalone target not found
Refreshing native plugins compatible for Editor in 0.89 ms, found 0 plugins.
Preloading 0 native plugins for Editor in 0.00 ms.
Invoked RoslynAnalysisRunner static constructor.
RoslynAnalysisRunner will not be running.
RoslynAnalysisRunner has terminated.
Mono: successfully reloaded assembly
- Completed reload, in  1.658 seconds
Platform modules already initialized, skipping
Refreshing native plugins compatible for Editor in 0.61 ms, found 0 plugins.
Preloading 0 native plugins for Editor in 0.00 ms.
Unloading 1182 Unused Serialized files (Serialized files now loaded: 0)
System memory in use before: 63.5 MB.
System memory in use after: 63.6 MB.

Unloading 4 unused Assets to reduce memory usage. Loaded Objects now: 1644.
Total: 2.926100 ms (FindLiveObjects: 0.233600 ms CreateObjectMapping: 0.069400 ms MarkObjects: 2.595000 ms  DeleteObjects: 0.025200 ms)

========================================================================
Received Import Request.
  Time since last request: 497.921781 seconds.
  path: Assets/Art/woodenBorder 1.png
  artifactKey: Guid(7e516983b2bc2ea4fac530556cdbf14d) Importer(815301076,1909f56bfc062723c751e8b465ee728b)
Start importing Assets/Art/woodenBorder 1.png using Guid(7e516983b2bc2ea4fac530556cdbf14d) Importer(815301076,1909f56bfc062723c751e8b465ee728b)  -> (artifact id: '2902e3b5d5af5429897ffe878761a13c') in 0.357818 seconds
  Import took 0.372131 seconds .

========================================================================
Received Import Request.
  Time since last request: 9.069472 seconds.
  path: Assets/Art/copyBorder.png
  artifactKey: Guid(7e516983b2bc2ea4fac530556cdbf14d) Importer(815301076,1909f56bfc062723c751e8b465ee728b)
Start importing Assets/Art/copyBorder.png using Guid(7e516983b2bc2ea4fac530556cdbf14d) Importer(815301076,1909f56bfc062723c751e8b465ee728b)  -> (artifact id: '93045c5a768c822ae18e38f03aadb29b') in 0.025886 seconds
  Import took 0.033794 seconds .

========================================================================
Received Import Request.
  Time since last request: 0.039470 seconds.
  path: Assets/Art/copyBorder.png
  artifactKey: Guid(7e516983b2bc2ea4fac530556cdbf14d) Importer(815301076,1909f56bfc062723c751e8b465ee728b)
Start importing Assets/Art/copyBorder.png using Guid(7e516983b2bc2ea4fac530556cdbf14d) Importer(815301076,1909f56bfc062723c751e8b465ee728b)  -> (artifact id: '93045c5a768c822ae18e38f03aadb29b') in 0.022053 seconds
  Import took 0.040573 seconds .

========================================================================
Received Import Request.
  Time since last request: 8.456968 seconds.
  path: Assets/Art/woodencopyBorder.png
  artifactKey: Guid(7e516983b2bc2ea4fac530556cdbf14d) Importer(815301076,1909f56bfc062723c751e8b465ee728b)
Start importing Assets/Art/woodencopyBorder.png using Guid(7e516983b2bc2ea4fac530556cdbf14d) Importer(815301076,1909f56bfc062723c751e8b465ee728b)  -> (artifact id: 'cf5039f9ea279a60cdf5d1d47746e542') in 0.033037 seconds
  Import took 0.046171 seconds .

========================================================================
Received Import Request.
  Time since last request: 37.863957 seconds.
  path: Assets/Art/woodencopyBorder.png
  artifactKey: Guid(7e516983b2bc2ea4fac530556cdbf14d) Importer(815301076,1909f56bfc062723c751e8b465ee728b)
Start importing Assets/Art/woodencopyBorder.png using Guid(7e516983b2bc2ea4fac530556cdbf14d) Importer(815301076,1909f56bfc062723c751e8b465ee728b)  -> (artifact id: '116bec9ee606edefcb4c0d186f417a9d') in 0.025311 seconds
  Import took 0.034082 seconds .

========================================================================
Received Import Request.
  Time since last request: 0.037411 seconds.
  path: Assets/Art/woodencopyBorder.png
  artifactKey: Guid(7e516983b2bc2ea4fac530556cdbf14d) Importer(815301076,1909f56bfc062723c751e8b465ee728b)
Start importing Assets/Art/woodencopyBorder.png using Guid(7e516983b2bc2ea4fac530556cdbf14d) Importer(815301076,1909f56bfc062723c751e8b465ee728b)  -> (artifact id: '116bec9ee606edefcb4c0d186f417a9d') in 0.021222 seconds
  Import took 0.028632 seconds .

========================================================================
Received Prepare
Registering precompiled user dll's ...
Registered in 0.001816 seconds.
Begin MonoManager ReloadAssembly
Native extension for WindowsStandalone target not found
Refreshing native plugins compatible for Editor in 0.84 ms, found 0 plugins.
Preloading 0 native plugins for Editor in 0.00 ms.
Invoked RoslynAnalysisRunner static constructor.
RoslynAnalysisRunner will not be running.
RoslynAnalysisRunner has terminated.
Mono: successfully reloaded assembly
- Completed reload, in  1.920 seconds
Platform modules already initialized, skipping
Refreshing native plugins compatible for Editor in 0.47 ms, found 0 plugins.
Preloading 0 native plugins for Editor in 0.00 ms.
Unloading 1182 Unused Serialized files (Serialized files now loaded: 0)
System memory in use before: 63.5 MB.
System memory in use after: 63.6 MB.

Unloading 4 unused Assets to reduce memory usage. Loaded Objects now: 1650.
Total: 2.455000 ms (FindLiveObjects: 0.238700 ms CreateObjectMapping: 0.068000 ms MarkObjects: 2.121100 ms  DeleteObjects: 0.025200 ms)

========================================================================
Received Import Request.
  Time since last request: 1250.828248 seconds.
  path: Assets/Materials/UnlitShader.shader
  artifactKey: Guid(072c24bd8d14110499ad3f32b7922d04) Importer(815301076,1909f56bfc062723c751e8b465ee728b)
Start importing Assets/Materials/UnlitShader.shader using Guid(072c24bd8d14110499ad3f32b7922d04) Importer(815301076,1909f56bfc062723c751e8b465ee728b)  -> (artifact id: '7106eef5f6cd26796a9ef0abfe89404b') in 0.050732 seconds
  Import took 0.058701 seconds .

========================================================================
Received Import Request.
  Time since last request: 0.006647 seconds.
  path: Assets/Materials/UnlitShader.shader
  artifactKey: Guid(072c24bd8d14110499ad3f32b7922d04) Importer(815301076,1909f56bfc062723c751e8b465ee728b)
Start importing Assets/Materials/UnlitShader.shader using Guid(072c24bd8d14110499ad3f32b7922d04) Importer(815301076,1909f56bfc062723c751e8b465ee728b)  -> (artifact id: '7106eef5f6cd26796a9ef0abfe89404b') in 0.006726 seconds
  Import took 0.070610 seconds .

========================================================================
Received Import Request.
  Time since last request: 38.228438 seconds.
  path: Assets/Materials/GreyScaleShader.shader
  artifactKey: Guid(072c24bd8d14110499ad3f32b7922d04) Importer(815301076,1909f56bfc062723c751e8b465ee728b)
Start importing Assets/Materials/GreyScaleShader.shader using Guid(072c24bd8d14110499ad3f32b7922d04) Importer(815301076,1909f56bfc062723c751e8b465ee728b)  -> (artifact id: '410656654e319c7b7658465d05a77b0b') in 0.006743 seconds
  Import took 0.012085 seconds .

========================================================================
Received Import Request.
  Time since last request: 177.468488 seconds.
  path: Assets/Materials/GreyScaleShader.shader
  artifactKey: Guid(072c24bd8d14110499ad3f32b7922d04) Importer(815301076,1909f56bfc062723c751e8b465ee728b)
Start importing Assets/Materials/GreyScaleShader.shader using Guid(072c24bd8d14110499ad3f32b7922d04) Importer(815301076,1909f56bfc062723c751e8b465ee728b)  -> (artifact id: '8e1748e73671c69c7786cc4e1a530d82') in 0.015822 seconds
  Import took 0.028069 seconds .

========================================================================
Received Import Request.
  Time since last request: 17.286493 seconds.
  path: Assets/Materials/GreyScale.mat
  artifactKey: Guid(21a8564a60bbb1b41985c6b1a1f31b46) Importer(815301076,1909f56bfc062723c751e8b465ee728b)
Start importing Assets/Materials/GreyScale.mat using Guid(21a8564a60bbb1b41985c6b1a1f31b46) Importer(815301076,1909f56bfc062723c751e8b465ee728b)  -> (artifact id: 'f33050810d999f87eb2eabf43a4489db') in 0.207473 seconds
  Import took 0.215227 seconds .

========================================================================
Received Import Request.
  Time since last request: 68.032633 seconds.
  path: Assets/Scripts/CancelButton.cs
  artifactKey: Guid(40e0a6f3c0ea1a144808f81a61f332f3) Importer(815301076,1909f56bfc062723c751e8b465ee728b)
Start importing Assets/Scripts/CancelButton.cs using Guid(40e0a6f3c0ea1a144808f81a61f332f3) Importer(815301076,1909f56bfc062723c751e8b465ee728b)  -> (artifact id: '5b02ca80ce4dbfb3d4cafe708d23014c') in 0.031895 seconds
  Import took 0.040443 seconds .

========================================================================
Received Prepare
Registering precompiled user dll's ...
Registered in 0.002421 seconds.
Begin MonoManager ReloadAssembly
Native extension for WindowsStandalone target not found
Refreshing native plugins compatible for Editor in 0.46 ms, found 0 plugins.
Preloading 0 native plugins for Editor in 0.00 ms.
Invoked RoslynAnalysisRunner static constructor.
RoslynAnalysisRunner will not be running.
RoslynAnalysisRunner has terminated.
Mono: successfully reloaded assembly
- Completed reload, in  1.207 seconds
Platform modules already initialized, skipping
Refreshing native plugins compatible for Editor in 0.44 ms, found 0 plugins.
Preloading 0 native plugins for Editor in 0.00 ms.
Unloading 1184 Unused Serialized files (Serialized files now loaded: 0)
System memory in use before: 64.0 MB.
System memory in use after: 64.1 MB.

Unloading 5 unused Assets to reduce memory usage. Loaded Objects now: 1687.
Total: 3.240800 ms (FindLiveObjects: 0.431800 ms CreateObjectMapping: 0.132000 ms MarkObjects: 2.525600 ms  DeleteObjects: 0.149200 ms)

========================================================================
Received Prepare
Registering precompiled user dll's ...
Registered in 0.017746 seconds.
Begin MonoManager ReloadAssembly
Native extension for WindowsStandalone target not found
Refreshing native plugins compatible for Editor in 0.47 ms, found 0 plugins.
Preloading 0 native plugins for Editor in 0.00 ms.
Invoked RoslynAnalysisRunner static constructor.
RoslynAnalysisRunner will not be running.
RoslynAnalysisRunner has terminated.
Mono: successfully reloaded assembly
- Completed reload, in  1.749 seconds
Platform modules already initialized, skipping
Refreshing native plugins compatible for Editor in 1.01 ms, found 0 plugins.
Preloading 0 native plugins for Editor in 0.00 ms.
Unloading 1184 Unused Serialized files (Serialized files now loaded: 0)
System memory in use before: 64.0 MB.
System memory in use after: 64.1 MB.

Unloading 5 unused Assets to reduce memory usage. Loaded Objects now: 1689.
Total: 40.075700 ms (FindLiveObjects: 2.316500 ms CreateObjectMapping: 0.198400 ms MarkObjects: 37.264900 ms  DeleteObjects: 0.281900 ms)

========================================================================
Received Prepare
Registering precompiled user dll's ...
Registered in 0.001889 seconds.
Begin MonoManager ReloadAssembly
Native extension for WindowsStandalone target not found
Refreshing native plugins compatible for Editor in 0.46 ms, found 0 plugins.
Preloading 0 native plugins for Editor in 0.00 ms.
Invoked RoslynAnalysisRunner static constructor.
RoslynAnalysisRunner will not be running.
RoslynAnalysisRunner has terminated.
Mono: successfully reloaded assembly
- Completed reload, in  1.250 seconds
Platform modules already initialized, skipping
Refreshing native plugins compatible for Editor in 0.45 ms, found 0 plugins.
Preloading 0 native plugins for Editor in 0.00 ms.
Unloading 1184 Unused Serialized files (Serialized files now loaded: 0)
System memory in use before: 64.0 MB.
System memory in use after: 64.1 MB.

Unloading 5 unused Assets to reduce memory usage. Loaded Objects now: 1691.
Total: 3.180700 ms (FindLiveObjects: 0.302500 ms CreateObjectMapping: 0.062700 ms MarkObjects: 2.623200 ms  DeleteObjects: 0.189900 ms)

========================================================================
Received Prepare
Registering precompiled user dll's ...
Registered in 0.001982 seconds.
Begin MonoManager ReloadAssembly
Native extension for WindowsStandalone target not found
Refreshing native plugins compatible for Editor in 0.55 ms, found 0 plugins.
Preloading 0 native plugins for Editor in 0.00 ms.
Invoked RoslynAnalysisRunner static constructor.
RoslynAnalysisRunner will not be running.
RoslynAnalysisRunner has terminated.
Mono: successfully reloaded assembly
- Completed reload, in  1.639 seconds
Platform modules already initialized, skipping
Refreshing native plugins compatible for Editor in 0.46 ms, found 0 plugins.
Preloading 0 native plugins for Editor in 0.00 ms.
Unloading 1184 Unused Serialized files (Serialized files now loaded: 0)
System memory in use before: 64.0 MB.
System memory in use after: 64.1 MB.

Unloading 5 unused Assets to reduce memory usage. Loaded Objects now: 1693.
Total: 5.547800 ms (FindLiveObjects: 0.318000 ms CreateObjectMapping: 0.116900 ms MarkObjects: 4.827500 ms  DeleteObjects: 0.280200 ms)

========================================================================
Received Import Request.
  Time since last request: 1390.468290 seconds.
  path: Assets/Materials/New Material.mat
  artifactKey: Guid(2fc375378c2675846ad93cc57b2e8b7c) Importer(815301076,1909f56bfc062723c751e8b465ee728b)
Start importing Assets/Materials/New Material.mat using Guid(2fc375378c2675846ad93cc57b2e8b7c) Importer(815301076,1909f56bfc062723c751e8b465ee728b)  -> (artifact id: '0c128fd9d756449de9b313324489f3cf') in 0.291853 seconds
  Import took 0.307022 seconds .

========================================================================
Received Prepare
Registering precompiled user dll's ...
Registered in 0.002168 seconds.
Begin MonoManager ReloadAssembly
Native extension for WindowsStandalone target not found
Refreshing native plugins compatible for Editor in 0.46 ms, found 0 plugins.
Preloading 0 native plugins for Editor in 0.00 ms.
Invoked RoslynAnalysisRunner static constructor.
RoslynAnalysisRunner will not be running.
RoslynAnalysisRunner has terminated.
Mono: successfully reloaded assembly
- Completed reload, in  1.823 seconds
Platform modules already initialized, skipping
Refreshing native plugins compatible for Editor in 0.53 ms, found 0 plugins.
Preloading 0 native plugins for Editor in 0.00 ms.
Unloading 1184 Unused Serialized files (Serialized files now loaded: 0)
System memory in use before: 64.0 MB.
System memory in use after: 64.1 MB.

Unloading 5 unused Assets to reduce memory usage. Loaded Objects now: 1696.
Total: 2.593800 ms (FindLiveObjects: 0.190000 ms CreateObjectMapping: 0.054700 ms MarkObjects: 2.203600 ms  DeleteObjects: 0.143400 ms)

========================================================================
Received Prepare
Registering precompiled user dll's ...
Registered in 0.002083 seconds.
Begin MonoManager ReloadAssembly
Native extension for WindowsStandalone target not found
Refreshing native plugins compatible for Editor in 0.57 ms, found 0 plugins.
Preloading 0 native plugins for Editor in 0.00 ms.
Invoked RoslynAnalysisRunner static constructor.
RoslynAnalysisRunner will not be running.
RoslynAnalysisRunner has terminated.
Mono: successfully reloaded assembly
- Completed reload, in  1.518 seconds
Platform modules already initialized, skipping
Refreshing native plugins compatible for Editor in 0.69 ms, found 0 plugins.
Preloading 0 native plugins for Editor in 0.00 ms.
Unloading 1184 Unused Serialized files (Serialized files now loaded: 0)
System memory in use before: 64.1 MB.
System memory in use after: 64.1 MB.

Unloading 5 unused Assets to reduce memory usage. Loaded Objects now: 1698.
Total: 7.328600 ms (FindLiveObjects: 0.241800 ms CreateObjectMapping: 0.066100 ms MarkObjects: 6.901800 ms  DeleteObjects: 0.116500 ms)

========================================================================
Received Prepare
Registering precompiled user dll's ...
Registered in 0.004463 seconds.
Begin MonoManager ReloadAssembly
Native extension for WindowsStandalone target not found
Refreshing native plugins compatible for Editor in 0.51 ms, found 0 plugins.
Preloading 0 native plugins for Editor in 0.00 ms.
Invoked RoslynAnalysisRunner static constructor.
RoslynAnalysisRunner will not be running.
RoslynAnalysisRunner has terminated.
Mono: successfully reloaded assembly
- Completed reload, in  1.497 seconds
Platform modules already initialized, skipping
Refreshing native plugins compatible for Editor in 0.64 ms, found 0 plugins.
Preloading 0 native plugins for Editor in 0.00 ms.
Unloading 1184 Unused Serialized files (Serialized files now loaded: 0)
System memory in use before: 64.1 MB.
System memory in use after: 64.1 MB.

Unloading 5 unused Assets to reduce memory usage. Loaded Objects now: 1700.
Total: 3.760000 ms (FindLiveObjects: 0.527800 ms CreateObjectMapping: 0.119900 ms MarkObjects: 3.010400 ms  DeleteObjects: 0.099700 ms)

========================================================================
Received Prepare
Registering precompiled user dll's ...
Registered in 0.001507 seconds.
Begin MonoManager ReloadAssembly
Native extension for WindowsStandalone target not found
Refreshing native plugins compatible for Editor in 0.51 ms, found 0 plugins.
Preloading 0 native plugins for Editor in 0.00 ms.
Invoked RoslynAnalysisRunner static constructor.
RoslynAnalysisRunner will not be running.
RoslynAnalysisRunner has terminated.
Mono: successfully reloaded assembly
- Completed reload, in  1.341 seconds
Platform modules already initialized, skipping
Refreshing native plugins compatible for Editor in 0.76 ms, found 0 plugins.
Preloading 0 native plugins for Editor in 0.00 ms.
Unloading 1184 Unused Serialized files (Serialized files now loaded: 0)
System memory in use before: 64.1 MB.
System memory in use after: 64.1 MB.

Unloading 5 unused Assets to reduce memory usage. Loaded Objects now: 1702.
Total: 5.992200 ms (FindLiveObjects: 1.411600 ms CreateObjectMapping: 0.137200 ms MarkObjects: 4.364500 ms  DeleteObjects: 0.075600 ms)

========================================================================
Received Prepare
Registering precompiled user dll's ...
Registered in 0.001610 seconds.
Begin MonoManager ReloadAssembly
Native extension for WindowsStandalone target not found
Refreshing native plugins compatible for Editor in 0.61 ms, found 0 plugins.
Preloading 0 native plugins for Editor in 0.00 ms.
Invoked RoslynAnalysisRunner static constructor.
RoslynAnalysisRunner will not be running.
RoslynAnalysisRunner has terminated.
Mono: successfully reloaded assembly
- Completed reload, in  1.273 seconds
Platform modules already initialized, skipping
Refreshing native plugins compatible for Editor in 0.49 ms, found 0 plugins.
Preloading 0 native plugins for Editor in 0.00 ms.
Unloading 1184 Unused Serialized files (Serialized files now loaded: 0)
System memory in use before: 64.1 MB.
System memory in use after: 64.1 MB.

Unloading 5 unused Assets to reduce memory usage. Loaded Objects now: 1704.
Total: 2.342800 ms (FindLiveObjects: 0.218300 ms CreateObjectMapping: 0.061400 ms MarkObjects: 1.999000 ms  DeleteObjects: 0.062300 ms)

========================================================================
Received Prepare
Registering precompiled user dll's ...
Registered in 0.001812 seconds.
Begin MonoManager ReloadAssembly
Native extension for WindowsStandalone target not found
Refreshing native plugins compatible for Editor in 0.47 ms, found 0 plugins.
Preloading 0 native plugins for Editor in 0.00 ms.
Invoked RoslynAnalysisRunner static constructor.
RoslynAnalysisRunner will not be running.
RoslynAnalysisRunner has terminated.
Mono: successfully reloaded assembly
- Completed reload, in  1.152 seconds
Platform modules already initialized, skipping
Refreshing native plugins compatible for Editor in 0.55 ms, found 0 plugins.
Preloading 0 native plugins for Editor in 0.00 ms.
Unloading 1184 Unused Serialized files (Serialized files now loaded: 0)
System memory in use before: 64.1 MB.
System memory in use after: 64.1 MB.

Unloading 5 unused Assets to reduce memory usage. Loaded Objects now: 1706.
Total: 4.231400 ms (FindLiveObjects: 0.656500 ms CreateObjectMapping: 0.269800 ms MarkObjects: 3.100900 ms  DeleteObjects: 0.112500 ms)

========================================================================
Received Prepare
Registering precompiled user dll's ...
Registered in 0.001515 seconds.
Begin MonoManager ReloadAssembly
Native extension for WindowsStandalone target not found
Refreshing native plugins compatible for Editor in 0.50 ms, found 0 plugins.
Preloading 0 native plugins for Editor in 0.00 ms.
Invoked RoslynAnalysisRunner static constructor.
RoslynAnalysisRunner will not be running.
RoslynAnalysisRunner has terminated.
Mono: successfully reloaded assembly
- Completed reload, in  1.261 seconds
Platform modules already initialized, skipping
Refreshing native plugins compatible for Editor in 2.11 ms, found 0 plugins.
Preloading 0 native plugins for Editor in 0.00 ms.
Unloading 1184 Unused Serialized files (Serialized files now loaded: 0)
System memory in use before: 64.1 MB.
System memory in use after: 64.2 MB.

Unloading 5 unused Assets to reduce memory usage. Loaded Objects now: 1708.
Total: 2.840000 ms (FindLiveObjects: 0.265600 ms CreateObjectMapping: 0.057400 ms MarkObjects: 2.362000 ms  DeleteObjects: 0.148800 ms)

========================================================================
Received Prepare
Registering precompiled user dll's ...
Registered in 0.001504 seconds.
Begin MonoManager ReloadAssembly
Native extension for WindowsStandalone target not found
Refreshing native plugins compatible for Editor in 0.47 ms, found 0 plugins.
Preloading 0 native plugins for Editor in 0.00 ms.
Invoked RoslynAnalysisRunner static constructor.
RoslynAnalysisRunner will not be running.
RoslynAnalysisRunner has terminated.
Mono: successfully reloaded assembly
- Completed reload, in  1.339 seconds
Platform modules already initialized, skipping
Refreshing native plugins compatible for Editor in 0.51 ms, found 0 plugins.
Preloading 0 native plugins for Editor in 0.00 ms.
Unloading 1184 Unused Serialized files (Serialized files now loaded: 0)
System memory in use before: 64.1 MB.
System memory in use after: 64.2 MB.

Unloading 5 unused Assets to reduce memory usage. Loaded Objects now: 1710.
Total: 2.102400 ms (FindLiveObjects: 0.164700 ms CreateObjectMapping: 0.044800 ms MarkObjects: 1.833600 ms  DeleteObjects: 0.057200 ms)

========================================================================
Received Prepare
Registering precompiled user dll's ...
Registered in 0.002146 seconds.
Begin MonoManager ReloadAssembly
Native extension for WindowsStandalone target not found
Refreshing native plugins compatible for Editor in 0.57 ms, found 0 plugins.
Preloading 0 native plugins for Editor in 0.00 ms.
Invoked RoslynAnalysisRunner static constructor.
RoslynAnalysisRunner will not be running.
RoslynAnalysisRunner has terminated.
Mono: successfully reloaded assembly
- Completed reload, in  1.441 seconds
Platform modules already initialized, skipping
Refreshing native plugins compatible for Editor in 0.51 ms, found 0 plugins.
Preloading 0 native plugins for Editor in 0.00 ms.
Unloading 1184 Unused Serialized files (Serialized files now loaded: 0)
System memory in use before: 64.1 MB.
System memory in use after: 64.2 MB.

Unloading 5 unused Assets to reduce memory usage. Loaded Objects now: 1712.
Total: 2.478000 ms (FindLiveObjects: 0.230400 ms CreateObjectMapping: 0.058400 ms MarkObjects: 2.101000 ms  DeleteObjects: 0.085700 ms)

========================================================================
Received Prepare
Registering precompiled user dll's ...
Registered in 0.001556 seconds.
Begin MonoManager ReloadAssembly
Native extension for WindowsStandalone target not found
Refreshing native plugins compatible for Editor in 0.56 ms, found 0 plugins.
Preloading 0 native plugins for Editor in 0.00 ms.
Invoked RoslynAnalysisRunner static constructor.
RoslynAnalysisRunner will not be running.
RoslynAnalysisRunner has terminated.
Mono: successfully reloaded assembly
- Completed reload, in  1.249 seconds
Platform modules already initialized, skipping
Refreshing native plugins compatible for Editor in 0.50 ms, found 0 plugins.
Preloading 0 native plugins for Editor in 0.00 ms.
Unloading 1184 Unused Serialized files (Serialized files now loaded: 0)
System memory in use before: 64.1 MB.
System memory in use after: 64.2 MB.

Unloading 5 unused Assets to reduce memory usage. Loaded Objects now: 1714.
Total: 2.346100 ms (FindLiveObjects: 0.209100 ms CreateObjectMapping: 0.054400 ms MarkObjects: 2.015200 ms  DeleteObjects: 0.065100 ms)

========================================================================
Received Prepare
Registering precompiled user dll's ...
Registered in 0.001602 seconds.
Begin MonoManager ReloadAssembly
Native extension for WindowsStandalone target not found
Refreshing native plugins compatible for Editor in 1.17 ms, found 0 plugins.
Preloading 0 native plugins for Editor in 0.00 ms.
Invoked RoslynAnalysisRunner static constructor.
RoslynAnalysisRunner will not be running.
RoslynAnalysisRunner has terminated.
Mono: successfully reloaded assembly
- Completed reload, in  1.517 seconds
Platform modules already initialized, skipping
Refreshing native plugins compatible for Editor in 0.55 ms, found 0 plugins.
Preloading 0 native plugins for Editor in 0.00 ms.
Unloading 1184 Unused Serialized files (Serialized files now loaded: 0)
System memory in use before: 64.1 MB.
System memory in use after: 64.2 MB.

Unloading 5 unused Assets to reduce memory usage. Loaded Objects now: 1716.
Total: 2.479000 ms (FindLiveObjects: 0.292400 ms CreateObjectMapping: 0.119200 ms MarkObjects: 2.000900 ms  DeleteObjects: 0.064000 ms)

========================================================================
Received Prepare
Registering precompiled user dll's ...
Registered in 0.002019 seconds.
Begin MonoManager ReloadAssembly
Native extension for WindowsStandalone target not found
Refreshing native plugins compatible for Editor in 0.99 ms, found 0 plugins.
Preloading 0 native plugins for Editor in 0.00 ms.
Invoked RoslynAnalysisRunner static constructor.
RoslynAnalysisRunner will not be running.
RoslynAnalysisRunner has terminated.
Mono: successfully reloaded assembly
- Completed reload, in  1.264 seconds
Platform modules already initialized, skipping
Refreshing native plugins compatible for Editor in 0.51 ms, found 0 plugins.
Preloading 0 native plugins for Editor in 0.00 ms.
Unloading 1184 Unused Serialized files (Serialized files now loaded: 0)
System memory in use before: 64.1 MB.
System memory in use after: 64.2 MB.

Unloading 5 unused Assets to reduce memory usage. Loaded Objects now: 1718.
Total: 3.573900 ms (FindLiveObjects: 0.721900 ms CreateObjectMapping: 0.057100 ms MarkObjects: 2.684100 ms  DeleteObjects: 0.108900 ms)

========================================================================
Received Prepare
Registering precompiled user dll's ...
Registered in 0.002331 seconds.
Begin MonoManager ReloadAssembly
Native extension for WindowsStandalone target not found
Refreshing native plugins compatible for Editor in 0.72 ms, found 0 plugins.
Preloading 0 native plugins for Editor in 0.00 ms.
Invoked RoslynAnalysisRunner static constructor.
RoslynAnalysisRunner will not be running.
RoslynAnalysisRunner has terminated.
Mono: successfully reloaded assembly
- Completed reload, in  2.124 seconds
Platform modules already initialized, skipping
Refreshing native plugins compatible for Editor in 0.66 ms, found 0 plugins.
Preloading 0 native plugins for Editor in 0.00 ms.
Unloading 1184 Unused Serialized files (Serialized files now loaded: 0)
System memory in use before: 64.1 MB.
System memory in use after: 64.2 MB.

Unloading 5 unused Assets to reduce memory usage. Loaded Objects now: 1720.
Total: 4.394100 ms (FindLiveObjects: 0.495200 ms CreateObjectMapping: 0.069800 ms MarkObjects: 3.262800 ms  DeleteObjects: 0.563600 ms)

========================================================================
Received Prepare
Registering precompiled user dll's ...
Registered in 0.001930 seconds.
Begin MonoManager ReloadAssembly
Native extension for WindowsStandalone target not found
Refreshing native plugins compatible for Editor in 0.65 ms, found 0 plugins.
Preloading 0 native plugins for Editor in 0.00 ms.
Invoked RoslynAnalysisRunner static constructor.
RoslynAnalysisRunner will not be running.
RoslynAnalysisRunner has terminated.
Mono: successfully reloaded assembly
- Completed reload, in  2.113 seconds
Platform modules already initialized, skipping
Refreshing native plugins compatible for Editor in 1.00 ms, found 0 plugins.
Preloading 0 native plugins for Editor in 0.00 ms.
Unloading 1184 Unused Serialized files (Serialized files now loaded: 0)
System memory in use before: 64.1 MB.
System memory in use after: 64.2 MB.

Unloading 5 unused Assets to reduce memory usage. Loaded Objects now: 1722.
Total: 5.639200 ms (FindLiveObjects: 0.308800 ms CreateObjectMapping: 0.084000 ms MarkObjects: 5.087700 ms  DeleteObjects: 0.146400 ms)

========================================================================
Received Prepare
Registering precompiled user dll's ...
Registered in 0.002123 seconds.
Begin MonoManager ReloadAssembly
Native extension for WindowsStandalone target not found
Refreshing native plugins compatible for Editor in 0.69 ms, found 0 plugins.
Preloading 0 native plugins for Editor in 0.00 ms.
Invoked RoslynAnalysisRunner static constructor.
RoslynAnalysisRunner will not be running.
RoslynAnalysisRunner has terminated.
Mono: successfully reloaded assembly
- Completed reload, in  1.687 seconds
Platform modules already initialized, skipping
Refreshing native plugins compatible for Editor in 0.66 ms, found 0 plugins.
Preloading 0 native plugins for Editor in 0.00 ms.
Unloading 1184 Unused Serialized files (Serialized files now loaded: 0)
System memory in use before: 64.1 MB.
System memory in use after: 64.2 MB.

Unloading 5 unused Assets to reduce memory usage. Loaded Objects now: 1724.
Total: 2.765400 ms (FindLiveObjects: 0.197600 ms CreateObjectMapping: 0.067600 ms MarkObjects: 2.365600 ms  DeleteObjects: 0.132500 ms)

========================================================================
Received Prepare
Registering precompiled user dll's ...
Registered in 0.002189 seconds.
Begin MonoManager ReloadAssembly
Native extension for WindowsStandalone target not found
Refreshing native plugins compatible for Editor in 0.86 ms, found 0 plugins.
Preloading 0 native plugins for Editor in 0.00 ms.
Invoked RoslynAnalysisRunner static constructor.
RoslynAnalysisRunner will not be running.
RoslynAnalysisRunner has terminated.
Mono: successfully reloaded assembly
- Completed reload, in  2.255 seconds
Platform modules already initialized, skipping
Refreshing native plugins compatible for Editor in 0.67 ms, found 0 plugins.
Preloading 0 native plugins for Editor in 0.00 ms.
Unloading 1184 Unused Serialized files (Serialized files now loaded: 0)
System memory in use before: 64.1 MB.
System memory in use after: 64.2 MB.

Unloading 5 unused Assets to reduce memory usage. Loaded Objects now: 1726.
Total: 4.180300 ms (FindLiveObjects: 0.271100 ms CreateObjectMapping: 1.352500 ms MarkObjects: 2.453900 ms  DeleteObjects: 0.100100 ms)

========================================================================
Received Prepare
Registering precompiled user dll's ...
Registered in 0.002235 seconds.
Begin MonoManager ReloadAssembly
Native extension for WindowsStandalone target not found
Refreshing native plugins compatible for Editor in 0.79 ms, found 0 plugins.
Preloading 0 native plugins for Editor in 0.00 ms.
Invoked RoslynAnalysisRunner static constructor.
RoslynAnalysisRunner will not be running.
RoslynAnalysisRunner has terminated.
Mono: successfully reloaded assembly
- Completed reload, in  2.325 seconds
Platform modules already initialized, skipping
Refreshing native plugins compatible for Editor in 0.80 ms, found 0 plugins.
Preloading 0 native plugins for Editor in 0.00 ms.
Unloading 1184 Unused Serialized files (Serialized files now loaded: 0)
System memory in use before: 64.2 MB.
System memory in use after: 64.2 MB.

Unloading 5 unused Assets to reduce memory usage. Loaded Objects now: 1728.
Total: 4.410900 ms (FindLiveObjects: 0.218700 ms CreateObjectMapping: 0.057600 ms MarkObjects: 4.062200 ms  DeleteObjects: 0.070100 ms)

========================================================================
Received Prepare
Registering precompiled user dll's ...
Registered in 0.002591 seconds.
Begin MonoManager ReloadAssembly
Native extension for WindowsStandalone target not found
Refreshing native plugins compatible for Editor in 0.64 ms, found 0 plugins.
Preloading 0 native plugins for Editor in 0.00 ms.
Invoked RoslynAnalysisRunner static constructor.
RoslynAnalysisRunner will not be running.
RoslynAnalysisRunner has terminated.
Mono: successfully reloaded assembly
- Completed reload, in  2.044 seconds
Platform modules already initialized, skipping
Refreshing native plugins compatible for Editor in 0.71 ms, found 0 plugins.
Preloading 0 native plugins for Editor in 0.00 ms.
Unloading 1184 Unused Serialized files (Serialized files now loaded: 0)
System memory in use before: 64.2 MB.
System memory in use after: 64.2 MB.

Unloading 5 unused Assets to reduce memory usage. Loaded Objects now: 1730.
Total: 5.720400 ms (FindLiveObjects: 0.866000 ms CreateObjectMapping: 0.199900 ms MarkObjects: 4.514700 ms  DeleteObjects: 0.135100 ms)

========================================================================
Received Prepare
Registering precompiled user dll's ...
Registered in 0.001748 seconds.
Begin MonoManager ReloadAssembly
Native extension for WindowsStandalone target not found
Refreshing native plugins compatible for Editor in 0.82 ms, found 0 plugins.
Preloading 0 native plugins for Editor in 0.00 ms.
Invoked RoslynAnalysisRunner static constructor.
RoslynAnalysisRunner will not be running.
RoslynAnalysisRunner has terminated.
Mono: successfully reloaded assembly
- Completed reload, in  1.670 seconds
Platform modules already initialized, skipping
Refreshing native plugins compatible for Editor in 0.52 ms, found 0 plugins.
Preloading 0 native plugins for Editor in 0.00 ms.
Unloading 1184 Unused Serialized files (Serialized files now loaded: 0)
System memory in use before: 64.2 MB.
System memory in use after: 64.2 MB.

Unloading 5 unused Assets to reduce memory usage. Loaded Objects now: 1732.
Total: 7.228400 ms (FindLiveObjects: 0.741800 ms CreateObjectMapping: 0.725300 ms MarkObjects: 5.630400 ms  DeleteObjects: 0.123500 ms)

========================================================================
Received Import Request.
  Time since last request: 8556.534518 seconds.
  path: Assets/Materials/red.mat
  artifactKey: Guid(f42750a6e73365945ad8cf1427e829b9) Importer(815301076,1909f56bfc062723c751e8b465ee728b)
Start importing Assets/Materials/red.mat using Guid(f42750a6e73365945ad8cf1427e829b9) Importer(815301076,1909f56bfc062723c751e8b465ee728b)  -> (artifact id: '5dbd23089e161c744e801e8d30ec6029') in 0.281580 seconds
  Import took 0.290781 seconds .

========================================================================
Received Import Request.
  Time since last request: 6.868403 seconds.
  path: Assets/Materials/defaultMaterialUI.mat
  artifactKey: Guid(2fc375378c2675846ad93cc57b2e8b7c) Importer(815301076,1909f56bfc062723c751e8b465ee728b)
Start importing Assets/Materials/defaultMaterialUI.mat using Guid(2fc375378c2675846ad93cc57b2e8b7c) Importer(815301076,1909f56bfc062723c751e8b465ee728b)  -> (artifact id: 'b9a4d373a5f53c6470a7b552f6fff1f4') in 0.040863 seconds
  Import took 0.053777 seconds .

========================================================================
Received Import Request.
  Time since last request: 0.001441 seconds.
  path: Assets/Materials/GreyScale.mat
  artifactKey: Guid(21a8564a60bbb1b41985c6b1a1f31b46) Importer(815301076,1909f56bfc062723c751e8b465ee728b)
Start importing Assets/Materials/GreyScale.mat using Guid(21a8564a60bbb1b41985c6b1a1f31b46) Importer(815301076,1909f56bfc062723c751e8b465ee728b)  -> (artifact id: '43281dc356ce498a82ee9f021d7eeaec') in 0.127945 seconds
  Import took 0.139725 seconds .

========================================================================
Received Import Request.
  Time since last request: 0.000844 seconds.
  path: Assets/Materials/red.mat
  artifactKey: Guid(f42750a6e73365945ad8cf1427e829b9) Importer(815301076,1909f56bfc062723c751e8b465ee728b)
Start importing Assets/Materials/red.mat using Guid(f42750a6e73365945ad8cf1427e829b9) Importer(815301076,1909f56bfc062723c751e8b465ee728b)  -> (artifact id: '6c9d991c89965ec372773339b8157148') in 0.021483 seconds
  Import took 0.035726 seconds .

========================================================================
Received Import Request.
  Time since last request: 0.000794 seconds.
  path: Assets/Materials/defaultMaterialUI.mat
  artifactKey: Guid(2fc375378c2675846ad93cc57b2e8b7c) Importer(815301076,1909f56bfc062723c751e8b465ee728b)
Start importing Assets/Materials/defaultMaterialUI.mat using Guid(2fc375378c2675846ad93cc57b2e8b7c) Importer(815301076,1909f56bfc062723c751e8b465ee728b)  -> (artifact id: 'b9a4d373a5f53c6470a7b552f6fff1f4') in 0.026960 seconds
  Import took 0.034327 seconds .

========================================================================
Received Import Request.
  Time since last request: 0.000870 seconds.
  path: Assets/Materials/GreyScale.mat
  artifactKey: Guid(21a8564a60bbb1b41985c6b1a1f31b46) Importer(815301076,1909f56bfc062723c751e8b465ee728b)
Start importing Assets/Materials/GreyScale.mat using Guid(21a8564a60bbb1b41985c6b1a1f31b46) Importer(815301076,1909f56bfc062723c751e8b465ee728b)  -> (artifact id: '43281dc356ce498a82ee9f021d7eeaec') in 0.028215 seconds
  Import took 0.037152 seconds .

========================================================================
Received Import Request.
  Time since last request: 88.915284 seconds.
  path: Assets/Art/simple UI & icons/other/bar_exp.png
  artifactKey: Guid(169aaba8c20e92e45a85bf68e9159ff3) Importer(815301076,1909f56bfc062723c751e8b465ee728b)
Start importing Assets/Art/simple UI & icons/other/bar_exp.png using Guid(169aaba8c20e92e45a85bf68e9159ff3) Importer(815301076,1909f56bfc062723c751e8b465ee728b)  -> (artifact id: '5b71214989dc3b173be71817bd83bed8') in 0.196731 seconds
  Import took 0.204622 seconds .

========================================================================
Received Import Request.
  Time since last request: 0.000637 seconds.
  path: Assets/Art/simple UI & icons/box/box_login1.png
  artifactKey: Guid(cc3c83ba2287c1b4ab01866e3b98285c) Importer(815301076,1909f56bfc062723c751e8b465ee728b)
Start importing Assets/Art/simple UI & icons/box/box_login1.png using Guid(cc3c83ba2287c1b4ab01866e3b98285c) Importer(815301076,1909f56bfc062723c751e8b465ee728b)  -> (artifact id: '5feb60740f9524f09eaeea6d6a16bcb2') in 0.023515 seconds
  Import took 0.031336 seconds .

========================================================================
Received Import Request.
  Time since last request: 0.000575 seconds.
  path: Assets/Art/simple UI & icons/box/box_coin2.png
  artifactKey: Guid(70783f222b0c71440a082ff647835516) Importer(815301076,1909f56bfc062723c751e8b465ee728b)
Start importing Assets/Art/simple UI & icons/box/box_coin2.png using Guid(70783f222b0c71440a082ff647835516) Importer(815301076,1909f56bfc062723c751e8b465ee728b)  -> (artifact id: 'bcb4436270a138fbce03442c8c43bd4a') in 0.018564 seconds
  Import took 0.030700 seconds .

========================================================================
Received Import Request.
  Time since last request: 0.000702 seconds.
  path: Assets/Art/simple UI & icons/box/box_exp3.png
  artifactKey: Guid(b57930d302719f64b80f87a38be0539e) Importer(815301076,1909f56bfc062723c751e8b465ee728b)
Start importing Assets/Art/simple UI & icons/box/box_exp3.png using Guid(b57930d302719f64b80f87a38be0539e) Importer(815301076,1909f56bfc062723c751e8b465ee728b)  -> (artifact id: 'c585fbd98fb6830117d2027312d01f45') in 0.018457 seconds
  Import took 0.028535 seconds .

========================================================================
Received Import Request.
  Time since last request: 0.000629 seconds.
  path: Assets/Art/simple UI & icons/box/box_login2.png
  artifactKey: Guid(5b321d4760f872f4aa9d4c5d856394c0) Importer(815301076,1909f56bfc062723c751e8b465ee728b)
Start importing Assets/Art/simple UI & icons/box/box_login2.png using Guid(5b321d4760f872f4aa9d4c5d856394c0) Importer(815301076,1909f56bfc062723c751e8b465ee728b)  -> (artifact id: 'cbc05ffcd570d6912cb66caef416062f') in 0.054496 seconds
  Import took 0.062590 seconds .

========================================================================
Received Import Request.
  Time since last request: 0.000735 seconds.
  path: Assets/Art/simple UI & icons/box/box_option4.png
  artifactKey: Guid(283378bbf45dff240a24c8c4549507de) Importer(815301076,1909f56bfc062723c751e8b465ee728b)
Start importing Assets/Art/simple UI & icons/box/box_option4.png using Guid(283378bbf45dff240a24c8c4549507de) Importer(815301076,1909f56bfc062723c751e8b465ee728b)  -> (artifact id: '96b7c293ece2bb0dd85af1c45d8a7b72') in 0.032193 seconds
  Import took 0.039582 seconds .

========================================================================
Received Import Request.
  Time since last request: 0.000780 seconds.
  path: Assets/Art/simple UI & icons/box/box_select1.png
  artifactKey: Guid(333577eebe3cf2649a6c7f3d299dceba) Importer(815301076,1909f56bfc062723c751e8b465ee728b)
Start importing Assets/Art/simple UI & icons/box/box_select1.png using Guid(333577eebe3cf2649a6c7f3d299dceba) Importer(815301076,1909f56bfc062723c751e8b465ee728b)  -> (artifact id: 'f931d9567b03eb756696b3bf10575f26') in 0.021345 seconds
  Import took 0.029593 seconds .

========================================================================
Received Import Request.
  Time since last request: 0.000722 seconds.
  path: Assets/Art/simple UI & icons/other/bar_sound.png
  artifactKey: Guid(730dbb57012a2cb4ab380b3079761b24) Importer(815301076,1909f56bfc062723c751e8b465ee728b)
Start importing Assets/Art/simple UI & icons/other/bar_sound.png using Guid(730dbb57012a2cb4ab380b3079761b24) Importer(815301076,1909f56bfc062723c751e8b465ee728b)  -> (artifact id: '557b13091f34079dac5da1fbc068a7de') in 0.017418 seconds
  Import took 0.024554 seconds .

========================================================================
Received Import Request.
  Time since last request: 0.000794 seconds.
  path: Assets/Art/simple UI & icons/box/box_event2.png
  artifactKey: Guid(1481334038ea30a4bbbeb1912d9230ff) Importer(815301076,1909f56bfc062723c751e8b465ee728b)
Start importing Assets/Art/simple UI & icons/box/box_event2.png using Guid(1481334038ea30a4bbbeb1912d9230ff) Importer(815301076,1909f56bfc062723c751e8b465ee728b)  -> (artifact id: '5eaeb9b9a52ee9ba14ae18657741afac') in 0.018955 seconds
  Import took 0.026180 seconds .

========================================================================
Received Import Request.
  Time since last request: 0.000622 seconds.
  path: Assets/Art/simple UI & icons/box/box_option1.png
  artifactKey: Guid(722bf8ea9395ad0488f853393305780b) Importer(815301076,1909f56bfc062723c751e8b465ee728b)
Start importing Assets/Art/simple UI & icons/box/box_option1.png using Guid(722bf8ea9395ad0488f853393305780b) Importer(815301076,1909f56bfc062723c751e8b465ee728b)  -> (artifact id: '8004e9ceb45dd9d98252e4d2c269b1fa') in 0.021045 seconds
  Import took 0.029681 seconds .

========================================================================
Received Import Request.
  Time since last request: 0.000659 seconds.
  path: Assets/Art/simple UI & icons/button/button_exit.png
  artifactKey: Guid(275e7ec87a2bf9d47979ae7bced3c068) Importer(815301076,1909f56bfc062723c751e8b465ee728b)
Start importing Assets/Art/simple UI & icons/button/button_exit.png using Guid(275e7ec87a2bf9d47979ae7bced3c068) Importer(815301076,1909f56bfc062723c751e8b465ee728b)  -> (artifact id: '9e1209b6507d0723f46e838b07097b6e') in 0.020707 seconds
  Import took 0.029204 seconds .

========================================================================
Received Import Request.
  Time since last request: 0.014234 seconds.
  path: Assets/Art/simple UI & icons/box/box_coin1.png
  artifactKey: Guid(4ce557cc090bf604999f084d5c52f88c) Importer(815301076,1909f56bfc062723c751e8b465ee728b)
Start importing Assets/Art/simple UI & icons/box/box_coin1.png using Guid(4ce557cc090bf604999f084d5c52f88c) Importer(815301076,1909f56bfc062723c751e8b465ee728b)  -> (artifact id: 'e4ff206dd0c4b5d8ec154b5e7e10ceec') in 0.019524 seconds
  Import took 0.027236 seconds .

========================================================================
Received Import Request.
  Time since last request: 0.000929 seconds.
  path: Assets/Art/simple UI & icons/box/box_map name.png
  artifactKey: Guid(9612150cbb33ebf4abaafcb0066d0c09) Importer(815301076,1909f56bfc062723c751e8b465ee728b)
Start importing Assets/Art/simple UI & icons/box/box_map name.png using Guid(9612150cbb33ebf4abaafcb0066d0c09) Importer(815301076,1909f56bfc062723c751e8b465ee728b)  -> (artifact id: '30ea01c9e50f4053e1539d096d61efdc') in 0.018195 seconds
  Import took 0.024845 seconds .

========================================================================
Received Import Request.
  Time since last request: 0.000638 seconds.
  path: Assets/Art/simple UI & icons/box/box_user information.png
  artifactKey: Guid(a9a22c90a69285f4fba9717e84852717) Importer(815301076,1909f56bfc062723c751e8b465ee728b)
Start importing Assets/Art/simple UI & icons/box/box_user information.png using Guid(a9a22c90a69285f4fba9717e84852717) Importer(815301076,1909f56bfc062723c751e8b465ee728b)  -> (artifact id: '994887a55f723025fe99cc73485ebe1b') in 0.018433 seconds
  Import took 0.025963 seconds .

========================================================================
Received Import Request.
  Time since last request: 0.001011 seconds.
  path: Assets/Art/simple UI & icons/box/box_event3.png
  artifactKey: Guid(e832f8a4f31186448b2c250268b36742) Importer(815301076,1909f56bfc062723c751e8b465ee728b)
Start importing Assets/Art/simple UI & icons/box/box_event3.png using Guid(e832f8a4f31186448b2c250268b36742) Importer(815301076,1909f56bfc062723c751e8b465ee728b)  -> (artifact id: '2e83689d2fc1117e91984524470802a7') in 0.027619 seconds
  Import took 0.036660 seconds .

========================================================================
Received Import Request.
  Time since last request: 0.001216 seconds.
  path: Assets/Art/simple UI & icons/box/box_exp1.png
  artifactKey: Guid(8e02c966211256547b69c0381a52d995) Importer(815301076,1909f56bfc062723c751e8b465ee728b)
Start importing Assets/Art/simple UI & icons/box/box_exp1.png using Guid(8e02c966211256547b69c0381a52d995) Importer(815301076,1909f56bfc062723c751e8b465ee728b)  -> (artifact id: 'ef3a4f2b044add104681638490bf0359') in 0.022035 seconds
  Import took 0.030917 seconds .

========================================================================
Received Import Request.
  Time since last request: 0.000666 seconds.
  path: Assets/Art/simple UI & icons/box/box_coin3.png
  artifactKey: Guid(7ca26ee7f8f599742972114fc284ac21) Importer(815301076,1909f56bfc062723c751e8b465ee728b)
Start importing Assets/Art/simple UI & icons/box/box_coin3.png using Guid(7ca26ee7f8f599742972114fc284ac21) Importer(815301076,1909f56bfc062723c751e8b465ee728b)  -> (artifact id: '5337256661bcbdb27400c5f8337c303e') in 0.035220 seconds
  Import took 0.042121 seconds .

========================================================================
Received Import Request.
  Time since last request: 0.000922 seconds.
  path: Assets/Art/simple UI & icons/box/box_ID_PW.png
  artifactKey: Guid(dbc49de063591e741821707087728b4e) Importer(815301076,1909f56bfc062723c751e8b465ee728b)
Start importing Assets/Art/simple UI & icons/box/box_ID_PW.png using Guid(dbc49de063591e741821707087728b4e) Importer(815301076,1909f56bfc062723c751e8b465ee728b)  -> (artifact id: '63cba3f95285a1d8f8562f39727c2534') in 0.017612 seconds
  Import took 0.025176 seconds .

========================================================================
Received Import Request.
  Time since last request: 0.001069 seconds.
  path: Assets/Art/simple UI & icons/box/box_exp2.png
  artifactKey: Guid(b44c79964f3be0747ae2b2a8a4fc8798) Importer(815301076,1909f56bfc062723c751e8b465ee728b)
Start importing Assets/Art/simple UI & icons/box/box_exp2.png using Guid(b44c79964f3be0747ae2b2a8a4fc8798) Importer(815301076,1909f56bfc062723c751e8b465ee728b)  -> (artifact id: '66cdf940910d33f65bf174758c985915') in 0.031329 seconds
  Import took 0.041714 seconds .

========================================================================
Received Import Request.
  Time since last request: 0.000721 seconds.
  path: Assets/Art/simple UI & icons/box/box_select3.png
  artifactKey: Guid(7c39fe94d7cc03442ad53eac0cea5f71) Importer(815301076,1909f56bfc062723c751e8b465ee728b)
Start importing Assets/Art/simple UI & icons/box/box_select3.png using Guid(7c39fe94d7cc03442ad53eac0cea5f71) Importer(815301076,1909f56bfc062723c751e8b465ee728b)  -> (artifact id: 'f07bea6e55028ed2d694056e4808b859') in 0.024326 seconds
  Import took 0.031068 seconds .

========================================================================
Received Import Request.
  Time since last request: 0.000698 seconds.
  path: Assets/Art/simple UI & icons/box/box_option2.png
  artifactKey: Guid(b9d57a4161b87ac43844cd039a58475f) Importer(815301076,1909f56bfc062723c751e8b465ee728b)
Start importing Assets/Art/simple UI & icons/box/box_option2.png using Guid(b9d57a4161b87ac43844cd039a58475f) Importer(815301076,1909f56bfc062723c751e8b465ee728b)  -> (artifact id: '039adf5809f686de5792a563aa871aa1') in 0.020392 seconds
  Import took 0.027568 seconds .

========================================================================
Received Import Request.
  Time since last request: 0.000612 seconds.
  path: Assets/Art/simple UI & icons/box/box_event1.png
  artifactKey: Guid(dce07060ba1c3964a84b3ec42f0c2477) Importer(815301076,1909f56bfc062723c751e8b465ee728b)
Start importing Assets/Art/simple UI & icons/box/box_event1.png using Guid(dce07060ba1c3964a84b3ec42f0c2477) Importer(815301076,1909f56bfc062723c751e8b465ee728b)  -> (artifact id: 'e386bc3b511569504d051a3d98fc67c7') in 0.016189 seconds
  Import took 0.022455 seconds .

========================================================================
Received Import Request.
  Time since last request: 0.000585 seconds.
  path: Assets/Art/simple UI & icons/box/box_login3.png
  artifactKey: Guid(289510762bc007f44acc805d19c07088) Importer(815301076,1909f56bfc062723c751e8b465ee728b)
Start importing Assets/Art/simple UI & icons/box/box_login3.png using Guid(289510762bc007f44acc805d19c07088) Importer(815301076,1909f56bfc062723c751e8b465ee728b)  -> (artifact id: '7223c9d8a053731c72542430df4e3599') in 0.023369 seconds
  Import took 0.031510 seconds .

========================================================================
Received Import Request.
  Time since last request: 0.000845 seconds.
  path: Assets/Art/simple UI & icons/box/box_select2.png
  artifactKey: Guid(cfba19cc91fa2034e9f341a44621ac47) Importer(815301076,1909f56bfc062723c751e8b465ee728b)
Start importing Assets/Art/simple UI & icons/box/box_select2.png using Guid(cfba19cc91fa2034e9f341a44621ac47) Importer(815301076,1909f56bfc062723c751e8b465ee728b)  -> (artifact id: 'f0fd15d99c350faff6907d1445e31d40') in 0.020635 seconds
  Import took 0.030366 seconds .

========================================================================
Received Import Request.
  Time since last request: 0.000747 seconds.
  path: Assets/Art/simple UI & icons/box/box_option3.png
  artifactKey: Guid(2b0d4e7bf344774459d025e4c723ba78) Importer(815301076,1909f56bfc062723c751e8b465ee728b)
Start importing Assets/Art/simple UI & icons/box/box_option3.png using Guid(2b0d4e7bf344774459d025e4c723ba78) Importer(815301076,1909f56bfc062723c751e8b465ee728b)  -> (artifact id: '27ddcf650546b1d918987e84168ea0be') in 0.025075 seconds
  Import took 0.036412 seconds .

========================================================================
Received Import Request.
  Time since last request: 0.000966 seconds.
  path: Assets/Art/simple UI & icons/button/button_plus.png
  artifactKey: Guid(8173f0253e1d3b74a8660351f517c832) Importer(815301076,1909f56bfc062723c751e8b465ee728b)
Start importing Assets/Art/simple UI & icons/button/button_plus.png using Guid(8173f0253e1d3b74a8660351f517c832) Importer(815301076,1909f56bfc062723c751e8b465ee728b)  -> (artifact id: 'b326ad89b1044c2dd9b61701ace144de') in 0.015414 seconds
  Import took 0.022499 seconds .

========================================================================
Received Import Request.
  Time since last request: 0.610237 seconds.
  path: Assets/Art/simple UI & icons/box/circle_1.png
  artifactKey: Guid(ec553aa9b5d98d84081542d078774b16) Importer(815301076,1909f56bfc062723c751e8b465ee728b)
Start importing Assets/Art/simple UI & icons/box/circle_1.png using Guid(ec553aa9b5d98d84081542d078774b16) Importer(815301076,1909f56bfc062723c751e8b465ee728b)  -> (artifact id: 'ce86911fff8c279775c129ab0d65a5e8') in 0.056559 seconds
  Import took 0.070574 seconds .

========================================================================
Received Import Request.
  Time since last request: 0.000747 seconds.
  path: Assets/Art/simple UI & icons/box/circle_3.png
  artifactKey: Guid(bfe8ff4e5c151374f8f0974f0cde948f) Importer(815301076,1909f56bfc062723c751e8b465ee728b)
Start importing Assets/Art/simple UI & icons/box/circle_3.png using Guid(bfe8ff4e5c151374f8f0974f0cde948f) Importer(815301076,1909f56bfc062723c751e8b465ee728b)  -> (artifact id: '6d0e50fd9a0bffe3a8772f34ceadbfc7') in 0.017989 seconds
  Import took 0.025214 seconds .

========================================================================
Received Import Request.
  Time since last request: 0.000831 seconds.
  path: Assets/Art/simple UI & icons/box/circle_2.png
  artifactKey: Guid(90523fd09249fed4291cb5227e137ea0) Importer(815301076,1909f56bfc062723c751e8b465ee728b)
Start importing Assets/Art/simple UI & icons/box/circle_2.png using Guid(90523fd09249fed4291cb5227e137ea0) Importer(815301076,1909f56bfc062723c751e8b465ee728b)  -> (artifact id: 'aaacaec98e6059955e10d0fbe2a77105') in 0.021209 seconds
  Import took 0.029275 seconds .

========================================================================
Received Import Request.
  Time since last request: 2.766078 seconds.
  path: Assets/Art/simple UI & icons/other/map_pin.png
  artifactKey: Guid(d74c8e2402f636444b9f3de105e5c8f9) Importer(815301076,1909f56bfc062723c751e8b465ee728b)
Start importing Assets/Art/simple UI & icons/other/map_pin.png using Guid(d74c8e2402f636444b9f3de105e5c8f9) Importer(815301076,1909f56bfc062723c751e8b465ee728b)  -> (artifact id: '4e5e72f87ee249773e04f5ddbbbb7413') in 0.036198 seconds
  Import took 0.047647 seconds .

========================================================================
Received Import Request.
  Time since last request: 0.000687 seconds.
  path: Assets/Art/simple UI & icons/other/sound_pin.png
  artifactKey: Guid(a0d6d74bc3dec5f45b0c9a4b0c9ebe5f) Importer(815301076,1909f56bfc062723c751e8b465ee728b)
Start importing Assets/Art/simple UI & icons/other/sound_pin.png using Guid(a0d6d74bc3dec5f45b0c9a4b0c9ebe5f) Importer(815301076,1909f56bfc062723c751e8b465ee728b)  -> (artifact id: '24c9607afd95e03a0548cdd310784d57') in 0.038630 seconds
  Import took 0.064184 seconds .

========================================================================
Received Import Request.
  Time since last request: 0.000722 seconds.
  path: Assets/Art/simple UI & icons/other/map_pin.png
  artifactKey: Guid(d74c8e2402f636444b9f3de105e5c8f9) Importer(815301076,1909f56bfc062723c751e8b465ee728b)
Start importing Assets/Art/simple UI & icons/other/map_pin.png using Guid(d74c8e2402f636444b9f3de105e5c8f9) Importer(815301076,1909f56bfc062723c751e8b465ee728b)  -> (artifact id: '4e5e72f87ee249773e04f5ddbbbb7413') in 0.016927 seconds
  Import took 0.028435 seconds .

========================================================================
Received Import Request.
  Time since last request: 0.000654 seconds.
  path: Assets/Art/simple UI & icons/other/sound_pin.png
  artifactKey: Guid(a0d6d74bc3dec5f45b0c9a4b0c9ebe5f) Importer(815301076,1909f56bfc062723c751e8b465ee728b)
Start importing Assets/Art/simple UI & icons/other/sound_pin.png using Guid(a0d6d74bc3dec5f45b0c9a4b0c9ebe5f) Importer(815301076,1909f56bfc062723c751e8b465ee728b)  -> (artifact id: '24c9607afd95e03a0548cdd310784d57') in 0.015697 seconds
  Import took 0.048417 seconds .

========================================================================
Received Import Request.
  Time since last request: 0.421444 seconds.
  path: Assets/Art/simple UI & icons/other/stage_circle.png
  artifactKey: Guid(c5e101698caee1b46a2c1b3701ca3c3a) Importer(815301076,1909f56bfc062723c751e8b465ee728b)
Start importing Assets/Art/simple UI & icons/other/stage_circle.png using Guid(c5e101698caee1b46a2c1b3701ca3c3a) Importer(815301076,1909f56bfc062723c751e8b465ee728b)  -> (artifact id: 'a8f17502dba40aecdeb9f42a5bebcdf9') in 0.032035 seconds
  Import took 0.043819 seconds .

========================================================================
Received Import Request.
  Time since last request: 0.000955 seconds.
  path: Assets/Art/simple UI & icons/other/user_name.png
  artifactKey: Guid(cf9f303cfb921a54c9b9127af2f877c0) Importer(815301076,1909f56bfc062723c751e8b465ee728b)
Start importing Assets/Art/simple UI & icons/other/user_name.png using Guid(cf9f303cfb921a54c9b9127af2f877c0) Importer(815301076,1909f56bfc062723c751e8b465ee728b)  -> (artifact id: '9609d5ab78d58dbe9bb52fc84755e0e0') in 0.019747 seconds
  Import took 0.028267 seconds .

========================================================================
Received Import Request.
  Time since last request: 0.000797 seconds.
  path: Assets/Art/simple UI & icons/other/user.png
  artifactKey: Guid(7723d0c4abda2b24687491071e99af9e) Importer(815301076,1909f56bfc062723c751e8b465ee728b)
Start importing Assets/Art/simple UI & icons/other/user.png using Guid(7723d0c4abda2b24687491071e99af9e) Importer(815301076,1909f56bfc062723c751e8b465ee728b)  -> (artifact id: 'ede157e477408ec12fbcb826b8011823') in 0.024067 seconds
  Import took 0.030295 seconds .

========================================================================
Received Import Request.
  Time since last request: 0.000725 seconds.
  path: Assets/Art/simple UI & icons/other/user_2.png
  artifactKey: Guid(1a83ac7f195e82b40b81bc52dac17484) Importer(815301076,1909f56bfc062723c751e8b465ee728b)
Start importing Assets/Art/simple UI & icons/other/user_2.png using Guid(1a83ac7f195e82b40b81bc52dac17484) Importer(815301076,1909f56bfc062723c751e8b465ee728b)  -> (artifact id: '9c2f31a83514fa9ce23f956182adc7b8') in 0.017942 seconds
  Import took 0.031318 seconds .

========================================================================
Received Prepare
Registering precompiled user dll's ...
Registered in 0.001927 seconds.
Begin MonoManager ReloadAssembly
Native extension for WindowsStandalone target not found
Refreshing native plugins compatible for Editor in 0.53 ms, found 0 plugins.
Preloading 0 native plugins for Editor in 0.00 ms.
Invoked RoslynAnalysisRunner static constructor.
RoslynAnalysisRunner will not be running.
RoslynAnalysisRunner has terminated.
Mono: successfully reloaded assembly
- Completed reload, in  1.725 seconds
Platform modules already initialized, skipping
Refreshing native plugins compatible for Editor in 0.61 ms, found 0 plugins.
Preloading 0 native plugins for Editor in 0.00 ms.
Unloading 1184 Unused Serialized files (Serialized files now loaded: 0)
System memory in use before: 64.3 MB.
System memory in use after: 64.4 MB.

Unloading 4 unused Assets to reduce memory usage. Loaded Objects now: 1741.
Total: 3.185000 ms (FindLiveObjects: 0.240100 ms CreateObjectMapping: 0.057600 ms MarkObjects: 2.842200 ms  DeleteObjects: 0.042600 ms)

========================================================================
Received Import Request.
  Time since last request: 153.629619 seconds.
  path: Assets/Materials/New Render Texture.renderTexture
  artifactKey: Guid(466e5bc0c3ddffa4d9f5918a88f67148) Importer(815301076,1909f56bfc062723c751e8b465ee728b)
Start importing Assets/Materials/New Render Texture.renderTexture using Guid(466e5bc0c3ddffa4d9f5918a88f67148) Importer(815301076,1909f56bfc062723c751e8b465ee728b)  -> (artifact id: 'aabcedb301054edbc46b75d59b37c5f9') in 0.086762 seconds
  Import took 0.096647 seconds .

========================================================================
Received Prepare
Registering precompiled user dll's ...
Registered in 0.002759 seconds.
Begin MonoManager ReloadAssembly
Native extension for WindowsStandalone target not found
Refreshing native plugins compatible for Editor in 2.74 ms, found 0 plugins.
Preloading 0 native plugins for Editor in 0.00 ms.
Invoked RoslynAnalysisRunner static constructor.
RoslynAnalysisRunner will not be running.
RoslynAnalysisRunner has terminated.
Mono: successfully reloaded assembly
- Completed reload, in  3.570 seconds
Platform modules already initialized, skipping
Refreshing native plugins compatible for Editor in 0.46 ms, found 0 plugins.
Preloading 0 native plugins for Editor in 0.00 ms.
Unloading 1183 Unused Serialized files (Serialized files now loaded: 0)
System memory in use before: 64.2 MB.
System memory in use after: 64.3 MB.

Unloading 4 unused Assets to reduce memory usage. Loaded Objects now: 1745.
Total: 3.034800 ms (FindLiveObjects: 0.212000 ms CreateObjectMapping: 0.048500 ms MarkObjects: 2.739200 ms  DeleteObjects: 0.031800 ms)

========================================================================
Received Prepare
Registering precompiled user dll's ...
Registered in 0.001483 seconds.
Begin MonoManager ReloadAssembly
Native extension for WindowsStandalone target not found
Refreshing native plugins compatible for Editor in 0.44 ms, found 0 plugins.
Preloading 0 native plugins for Editor in 0.00 ms.
Invoked RoslynAnalysisRunner static constructor.
RoslynAnalysisRunner will not be running.
RoslynAnalysisRunner has terminated.
Mono: successfully reloaded assembly
- Completed reload, in  1.168 seconds
Platform modules already initialized, skipping
Refreshing native plugins compatible for Editor in 0.51 ms, found 0 plugins.
Preloading 0 native plugins for Editor in 0.00 ms.
Unloading 1183 Unused Serialized files (Serialized files now loaded: 0)
System memory in use before: 64.2 MB.
System memory in use after: 64.3 MB.

Unloading 4 unused Assets to reduce memory usage. Loaded Objects now: 1747.
Total: 2.236700 ms (FindLiveObjects: 0.211500 ms CreateObjectMapping: 0.043500 ms MarkObjects: 1.944800 ms  DeleteObjects: 0.034600 ms)

========================================================================
Received Prepare
Registering precompiled user dll's ...
Registered in 0.012606 seconds.
Begin MonoManager ReloadAssembly
Native extension for WindowsStandalone target not found
Refreshing native plugins compatible for Editor in 3.09 ms, found 0 plugins.
Preloading 0 native plugins for Editor in 0.00 ms.
Invoked RoslynAnalysisRunner static constructor.
RoslynAnalysisRunner will not be running.
RoslynAnalysisRunner has terminated.
Mono: successfully reloaded assembly
- Completed reload, in  4.101 seconds
Platform modules already initialized, skipping
Refreshing native plugins compatible for Editor in 0.73 ms, found 0 plugins.
Preloading 0 native plugins for Editor in 0.00 ms.
Unloading 1183 Unused Serialized files (Serialized files now loaded: 0)
System memory in use before: 64.2 MB.
System memory in use after: 64.3 MB.

Unloading 4 unused Assets to reduce memory usage. Loaded Objects now: 1749.
Total: 4.563300 ms (FindLiveObjects: 0.521900 ms CreateObjectMapping: 0.118800 ms MarkObjects: 3.890900 ms  DeleteObjects: 0.027200 ms)

========================================================================
Received Prepare
Registering precompiled user dll's ...
Registered in 0.001667 seconds.
Begin MonoManager ReloadAssembly
Native extension for WindowsStandalone target not found
Refreshing native plugins compatible for Editor in 0.46 ms, found 0 plugins.
Preloading 0 native plugins for Editor in 0.00 ms.
Invoked RoslynAnalysisRunner static constructor.
RoslynAnalysisRunner will not be running.
RoslynAnalysisRunner has terminated.
Mono: successfully reloaded assembly
- Completed reload, in  1.304 seconds
Platform modules already initialized, skipping
Refreshing native plugins compatible for Editor in 0.50 ms, found 0 plugins.
Preloading 0 native plugins for Editor in 0.00 ms.
Unloading 1183 Unused Serialized files (Serialized files now loaded: 0)
System memory in use before: 64.2 MB.
System memory in use after: 64.3 MB.

Unloading 4 unused Assets to reduce memory usage. Loaded Objects now: 1751.
Total: 2.554300 ms (FindLiveObjects: 0.242000 ms CreateObjectMapping: 0.042700 ms MarkObjects: 2.225300 ms  DeleteObjects: 0.041500 ms)

========================================================================
Received Prepare
Registering precompiled user dll's ...
Registered in 0.008039 seconds.
Begin MonoManager ReloadAssembly
Native extension for WindowsStandalone target not found
Refreshing native plugins compatible for Editor in 0.74 ms, found 0 plugins.
Preloading 0 native plugins for Editor in 0.00 ms.
Invoked RoslynAnalysisRunner static constructor.
RoslynAnalysisRunner will not be running.
RoslynAnalysisRunner has terminated.
Mono: successfully reloaded assembly
- Completed reload, in  1.345 seconds
Platform modules already initialized, skipping
Refreshing native plugins compatible for Editor in 0.56 ms, found 0 plugins.
Preloading 0 native plugins for Editor in 0.00 ms.
Unloading 1183 Unused Serialized files (Serialized files now loaded: 0)
System memory in use before: 64.2 MB.
System memory in use after: 64.3 MB.

Unloading 4 unused Assets to reduce memory usage. Loaded Objects now: 1753.
Total: 5.749700 ms (FindLiveObjects: 0.686300 ms CreateObjectMapping: 0.203300 ms MarkObjects: 4.823400 ms  DeleteObjects: 0.032600 ms)

========================================================================
Received Prepare
Registering precompiled user dll's ...
Registered in 0.001892 seconds.
Begin MonoManager ReloadAssembly
Native extension for WindowsStandalone target not found
Refreshing native plugins compatible for Editor in 0.61 ms, found 0 plugins.
Preloading 0 native plugins for Editor in 0.00 ms.
Invoked RoslynAnalysisRunner static constructor.
RoslynAnalysisRunner will not be running.
RoslynAnalysisRunner has terminated.
Mono: successfully reloaded assembly
- Completed reload, in  1.093 seconds
Platform modules already initialized, skipping
Refreshing native plugins compatible for Editor in 0.77 ms, found 0 plugins.
Preloading 0 native plugins for Editor in 0.00 ms.
Unloading 1183 Unused Serialized files (Serialized files now loaded: 0)
System memory in use before: 64.2 MB.
System memory in use after: 64.3 MB.

Unloading 4 unused Assets to reduce memory usage. Loaded Objects now: 1755.
Total: 3.343000 ms (FindLiveObjects: 0.248600 ms CreateObjectMapping: 0.096600 ms MarkObjects: 2.965800 ms  DeleteObjects: 0.030000 ms)

========================================================================
Received Prepare
Registering precompiled user dll's ...
Registered in 0.002040 seconds.
Begin MonoManager ReloadAssembly
Native extension for WindowsStandalone target not found
Refreshing native plugins compatible for Editor in 0.52 ms, found 0 plugins.
Preloading 0 native plugins for Editor in 0.00 ms.
Invoked RoslynAnalysisRunner static constructor.
RoslynAnalysisRunner will not be running.
RoslynAnalysisRunner has terminated.
Mono: successfully reloaded assembly
- Completed reload, in  1.408 seconds
Platform modules already initialized, skipping
Refreshing native plugins compatible for Editor in 0.58 ms, found 0 plugins.
Preloading 0 native plugins for Editor in 0.00 ms.
Unloading 1183 Unused Serialized files (Serialized files now loaded: 0)
System memory in use before: 64.2 MB.
System memory in use after: 64.3 MB.

Unloading 4 unused Assets to reduce memory usage. Loaded Objects now: 1757.
Total: 3.477900 ms (FindLiveObjects: 0.273100 ms CreateObjectMapping: 0.061400 ms MarkObjects: 3.104300 ms  DeleteObjects: 0.035900 ms)

========================================================================
Received Prepare
Registering precompiled user dll's ...
Registered in 0.001602 seconds.
Begin MonoManager ReloadAssembly
Native extension for WindowsStandalone target not found
Refreshing native plugins compatible for Editor in 0.45 ms, found 0 plugins.
Preloading 0 native plugins for Editor in 0.00 ms.
Invoked RoslynAnalysisRunner static constructor.
RoslynAnalysisRunner will not be running.
RoslynAnalysisRunner has terminated.
Mono: successfully reloaded assembly
- Completed reload, in  1.296 seconds
Platform modules already initialized, skipping
Refreshing native plugins compatible for Editor in 0.47 ms, found 0 plugins.
Preloading 0 native plugins for Editor in 0.00 ms.
Unloading 1183 Unused Serialized files (Serialized files now loaded: 0)
System memory in use before: 64.2 MB.
System memory in use after: 64.3 MB.

Unloading 4 unused Assets to reduce memory usage. Loaded Objects now: 1759.
Total: 4.333500 ms (FindLiveObjects: 0.476900 ms CreateObjectMapping: 0.090500 ms MarkObjects: 3.734900 ms  DeleteObjects: 0.028600 ms)

========================================================================
Received Prepare
Registering precompiled user dll's ...
Registered in 0.001947 seconds.
Begin MonoManager ReloadAssembly
Native extension for WindowsStandalone target not found
Refreshing native plugins compatible for Editor in 0.67 ms, found 0 plugins.
Preloading 0 native plugins for Editor in 0.00 ms.
Invoked RoslynAnalysisRunner static constructor.
RoslynAnalysisRunner will not be running.
RoslynAnalysisRunner has terminated.
Mono: successfully reloaded assembly
- Completed reload, in  2.037 seconds
Platform modules already initialized, skipping
Refreshing native plugins compatible for Editor in 2.24 ms, found 0 plugins.
Preloading 0 native plugins for Editor in 0.00 ms.
Unloading 1183 Unused Serialized files (Serialized files now loaded: 0)
System memory in use before: 64.2 MB.
System memory in use after: 64.3 MB.

Unloading 4 unused Assets to reduce memory usage. Loaded Objects now: 1761.
Total: 7.340300 ms (FindLiveObjects: 0.599900 ms CreateObjectMapping: 0.179700 ms MarkObjects: 6.527400 ms  DeleteObjects: 0.028400 ms)

========================================================================
Received Prepare
Registering precompiled user dll's ...
Registered in 0.001876 seconds.
Begin MonoManager ReloadAssembly
Native extension for WindowsStandalone target not found
Refreshing native plugins compatible for Editor in 0.70 ms, found 0 plugins.
Preloading 0 native plugins for Editor in 0.00 ms.
Invoked RoslynAnalysisRunner static constructor.
RoslynAnalysisRunner will not be running.
RoslynAnalysisRunner has terminated.
Mono: successfully reloaded assembly
- Completed reload, in  2.172 seconds
Platform modules already initialized, skipping
Refreshing native plugins compatible for Editor in 0.67 ms, found 0 plugins.
Preloading 0 native plugins for Editor in 0.00 ms.
Unloading 1183 Unused Serialized files (Serialized files now loaded: 0)
System memory in use before: 64.2 MB.
System memory in use after: 64.3 MB.

Unloading 4 unused Assets to reduce memory usage. Loaded Objects now: 1763.
Total: 2.097700 ms (FindLiveObjects: 0.181900 ms CreateObjectMapping: 0.045300 ms MarkObjects: 1.832300 ms  DeleteObjects: 0.036300 ms)

========================================================================
Received Import Request.
  Time since last request: 4833.684723 seconds.
  path: Assets/Materials/GreyScale.shader
  artifactKey: Guid(6e2d16d2a856ff941a2cae86367d80f8) Importer(815301076,1909f56bfc062723c751e8b465ee728b)
Start importing Assets/Materials/GreyScale.shader using Guid(6e2d16d2a856ff941a2cae86367d80f8) Importer(815301076,1909f56bfc062723c751e8b465ee728b)  -> (artifact id: 'cfe3219af8a83a2717abc6c7f25f3c32') in 0.198659 seconds
  Import took 0.259092 seconds .

========================================================================
Received Import Request.
  Time since last request: 14.837295 seconds.
  path: Assets/Materials/GreyTexture.shader
  artifactKey: Guid(6e2d16d2a856ff941a2cae86367d80f8) Importer(815301076,1909f56bfc062723c751e8b465ee728b)
Start importing Assets/Materials/GreyTexture.shader using Guid(6e2d16d2a856ff941a2cae86367d80f8) Importer(815301076,1909f56bfc062723c751e8b465ee728b)  -> (artifact id: 'f4ef3fe5107667c7cac1e359c442d90d') in 0.006343 seconds
  Import took 0.012880 seconds .

========================================================================
Received Prepare
Registering precompiled user dll's ...
Registered in 0.004059 seconds.
Begin MonoManager ReloadAssembly
Native extension for WindowsStandalone target not found
Refreshing native plugins compatible for Editor in 14.85 ms, found 0 plugins.
Preloading 0 native plugins for Editor in 0.00 ms.
Invoked RoslynAnalysisRunner static constructor.
RoslynAnalysisRunner will not be running.
RoslynAnalysisRunner has terminated.
Mono: successfully reloaded assembly
- Completed reload, in 12.283 seconds
Platform modules already initialized, skipping
Refreshing native plugins compatible for Editor in 1.80 ms, found 0 plugins.
Preloading 0 native plugins for Editor in 0.00 ms.
Unloading 1184 Unused Serialized files (Serialized files now loaded: 0)
System memory in use before: 64.5 MB.
System memory in use after: 64.5 MB.

Unloading 5 unused Assets to reduce memory usage. Loaded Objects now: 1765.
Total: 46.676200 ms (FindLiveObjects: 0.324300 ms CreateObjectMapping: 0.138200 ms MarkObjects: 46.061800 ms  DeleteObjects: 0.148500 ms)

AssetImportWorkerClient::OnTransportError - code=2 error=End of file
